2025-01-02 14:32:16,828 ERROR [phoenix_network_bot Telegram Executor] o.t.t.u.DefaultBotSession [DefaultBotSession.java:317] -- Cannot invoke "org.telegram.telegrambots.meta.api.objects.Message.getChat()" because the return value of "org.telegram.telegrambots.meta.api.objects.Update.getMessage()" is null
java.lang.NullPointerException: Cannot invoke "org.telegram.telegrambots.meta.api.objects.Message.getChat()" because the return value of "org.telegram.telegrambots.meta.api.objects.Update.getMessage()" is null
	at net.rainbowfurry.phoenixtelegrambotapi.PhoenixBot.onUpdateReceived(PhoenixBot.java:54)
	at java.base/java.util.ArrayList.forEach(ArrayList.java:1597)
	at org.telegram.telegrambots.meta.generics.LongPollingBot.onUpdatesReceived(LongPollingBot.java:27)
	at org.telegram.telegrambots.updatesreceivers.DefaultBotSession$HandlerThread.run(DefaultBotSession.java:312)
2025-01-02 16:13:16,988 ERROR [phoenix_network_bot Telegram Executor] o.t.t.u.DefaultBotSession [DefaultBotSession.java:317] -- Failed making field 'java.util.concurrent.atomic.AtomicMarkableReference#pair' accessible; either increase its visibility or write a custom TypeAdapter for its declaring type.
See https://github.com/google/gson/blob/main/Troubleshooting.md#reflection-inaccessible
com.google.gson.JsonIOException: Failed making field 'java.util.concurrent.atomic.AtomicMarkableReference#pair' accessible; either increase its visibility or write a custom TypeAdapter for its declaring type.
See https://github.com/google/gson/blob/main/Troubleshooting.md#reflection-inaccessible
	at com.google.gson.internal.reflect.ReflectionHelper.makeAccessible(ReflectionHelper.java:76)
	at com.google.gson.internal.bind.ReflectiveTypeAdapterFactory.getBoundFields(ReflectiveTypeAdapterFactory.java:388)
	at com.google.gson.internal.bind.ReflectiveTypeAdapterFactory.create(ReflectiveTypeAdapterFactory.java:161)
	at com.google.gson.Gson.getAdapter(Gson.java:628)
	at com.google.gson.internal.bind.ReflectiveTypeAdapterFactory.createBoundField(ReflectiveTypeAdapterFactory.java:201)
	at com.google.gson.internal.bind.ReflectiveTypeAdapterFactory.getBoundFields(ReflectiveTypeAdapterFactory.java:395)
	at com.google.gson.internal.bind.ReflectiveTypeAdapterFactory.create(ReflectiveTypeAdapterFactory.java:161)
	at com.google.gson.Gson.getAdapter(Gson.java:628)
	at com.google.gson.internal.bind.TypeAdapterRuntimeTypeWrapper.write(TypeAdapterRuntimeTypeWrapper.java:57)
	at com.google.gson.internal.bind.ReflectiveTypeAdapterFactory$2.write(ReflectiveTypeAdapterFactory.java:247)
	at com.google.gson.internal.bind.ReflectiveTypeAdapterFactory$Adapter.write(ReflectiveTypeAdapterFactory.java:490)
	at com.google.gson.internal.bind.ObjectTypeAdapter.write(ObjectTypeAdapter.java:184)
	at com.google.gson.internal.bind.TypeAdapterRuntimeTypeWrapper.write(TypeAdapterRuntimeTypeWrapper.java:73)
	at com.google.gson.internal.bind.MapTypeAdapterFactory$Adapter.write(MapTypeAdapterFactory.java:222)
	at com.google.gson.internal.bind.MapTypeAdapterFactory$Adapter.write(MapTypeAdapterFactory.java:154)
	at com.google.gson.internal.bind.TypeAdapterRuntimeTypeWrapper.write(TypeAdapterRuntimeTypeWrapper.java:73)
	at com.google.gson.internal.bind.ReflectiveTypeAdapterFactory$2.write(ReflectiveTypeAdapterFactory.java:247)
	at com.google.gson.internal.bind.ReflectiveTypeAdapterFactory$Adapter.write(ReflectiveTypeAdapterFactory.java:490)
	at com.google.gson.internal.bind.TypeAdapterRuntimeTypeWrapper.write(TypeAdapterRuntimeTypeWrapper.java:73)
	at com.google.gson.internal.bind.ReflectiveTypeAdapterFactory$2.write(ReflectiveTypeAdapterFactory.java:247)
	at com.google.gson.internal.bind.ReflectiveTypeAdapterFactory$Adapter.write(ReflectiveTypeAdapterFactory.java:490)
	at com.google.gson.internal.bind.TypeAdapterRuntimeTypeWrapper.write(TypeAdapterRuntimeTypeWrapper.java:73)
	at com.google.gson.internal.bind.ReflectiveTypeAdapterFactory$2.write(ReflectiveTypeAdapterFactory.java:247)
	at com.google.gson.internal.bind.ReflectiveTypeAdapterFactory$Adapter.write(ReflectiveTypeAdapterFactory.java:490)
	at com.google.gson.Gson.toJson(Gson.java:944)
	at com.google.gson.Gson.toJson(Gson.java:899)
	at com.google.gson.Gson.toJson(Gson.java:848)
	at com.google.gson.Gson.toJson(Gson.java:825)
	at net.rainbowfurry.phoenixtelegrambotapi.PhoenixBot.onUpdateReceived(PhoenixBot.java:44)
	at java.base/java.util.ArrayList.forEach(ArrayList.java:1597)
	at org.telegram.telegrambots.meta.generics.LongPollingBot.onUpdatesReceived(LongPollingBot.java:27)
	at org.telegram.telegrambots.updatesreceivers.DefaultBotSession$HandlerThread.run(DefaultBotSession.java:312)
Caused by: java.lang.reflect.InaccessibleObjectException: Unable to make field private volatile java.util.concurrent.atomic.AtomicMarkableReference$Pair java.util.concurrent.atomic.AtomicMarkableReference.pair accessible: module java.base does not "opens java.util.concurrent.atomic" to unnamed module @10d59286
	at java.base/java.lang.reflect.AccessibleObject.throwInaccessibleObjectException(AccessibleObject.java:388)
	at java.base/java.lang.reflect.AccessibleObject.checkCanSetAccessible(AccessibleObject.java:364)
	at java.base/java.lang.reflect.AccessibleObject.checkCanSetAccessible(AccessibleObject.java:312)
	at java.base/java.lang.reflect.Field.checkCanSetAccessible(Field.java:183)
	at java.base/java.lang.reflect.Field.setAccessible(Field.java:177)
	at com.google.gson.internal.reflect.ReflectionHelper.makeAccessible(ReflectionHelper.java:68)
	... 31 common frames omitted
2025-01-02 16:17:30,300 ERROR [phoenix_network_bot Telegram Executor] o.t.t.u.DefaultBotSession [DefaultBotSession.java:317] -- Failed making field 'java.util.concurrent.atomic.AtomicMarkableReference#pair' accessible; either increase its visibility or write a custom TypeAdapter for its declaring type.
See https://github.com/google/gson/blob/main/Troubleshooting.md#reflection-inaccessible
com.google.gson.JsonIOException: Failed making field 'java.util.concurrent.atomic.AtomicMarkableReference#pair' accessible; either increase its visibility or write a custom TypeAdapter for its declaring type.
See https://github.com/google/gson/blob/main/Troubleshooting.md#reflection-inaccessible
	at com.google.gson.internal.reflect.ReflectionHelper.makeAccessible(ReflectionHelper.java:76)
	at com.google.gson.internal.bind.ReflectiveTypeAdapterFactory.getBoundFields(ReflectiveTypeAdapterFactory.java:388)
	at com.google.gson.internal.bind.ReflectiveTypeAdapterFactory.create(ReflectiveTypeAdapterFactory.java:161)
	at com.google.gson.Gson.getAdapter(Gson.java:628)
	at com.google.gson.internal.bind.ReflectiveTypeAdapterFactory.createBoundField(ReflectiveTypeAdapterFactory.java:201)
	at com.google.gson.internal.bind.ReflectiveTypeAdapterFactory.getBoundFields(ReflectiveTypeAdapterFactory.java:395)
	at com.google.gson.internal.bind.ReflectiveTypeAdapterFactory.create(ReflectiveTypeAdapterFactory.java:161)
	at com.google.gson.Gson.getAdapter(Gson.java:628)
	at com.google.gson.internal.bind.TypeAdapterRuntimeTypeWrapper.write(TypeAdapterRuntimeTypeWrapper.java:57)
	at com.google.gson.internal.bind.ReflectiveTypeAdapterFactory$2.write(ReflectiveTypeAdapterFactory.java:247)
	at com.google.gson.internal.bind.ReflectiveTypeAdapterFactory$Adapter.write(ReflectiveTypeAdapterFactory.java:490)
	at com.google.gson.internal.bind.ObjectTypeAdapter.write(ObjectTypeAdapter.java:184)
	at com.google.gson.internal.bind.TypeAdapterRuntimeTypeWrapper.write(TypeAdapterRuntimeTypeWrapper.java:73)
	at com.google.gson.internal.bind.MapTypeAdapterFactory$Adapter.write(MapTypeAdapterFactory.java:222)
	at com.google.gson.internal.bind.MapTypeAdapterFactory$Adapter.write(MapTypeAdapterFactory.java:154)
	at com.google.gson.internal.bind.TypeAdapterRuntimeTypeWrapper.write(TypeAdapterRuntimeTypeWrapper.java:73)
	at com.google.gson.internal.bind.ReflectiveTypeAdapterFactory$2.write(ReflectiveTypeAdapterFactory.java:247)
	at com.google.gson.internal.bind.ReflectiveTypeAdapterFactory$Adapter.write(ReflectiveTypeAdapterFactory.java:490)
	at com.google.gson.internal.bind.TypeAdapterRuntimeTypeWrapper.write(TypeAdapterRuntimeTypeWrapper.java:73)
	at com.google.gson.internal.bind.ReflectiveTypeAdapterFactory$2.write(ReflectiveTypeAdapterFactory.java:247)
	at com.google.gson.internal.bind.ReflectiveTypeAdapterFactory$Adapter.write(ReflectiveTypeAdapterFactory.java:490)
	at com.google.gson.internal.bind.TypeAdapterRuntimeTypeWrapper.write(TypeAdapterRuntimeTypeWrapper.java:73)
	at com.google.gson.internal.bind.ReflectiveTypeAdapterFactory$2.write(ReflectiveTypeAdapterFactory.java:247)
	at com.google.gson.internal.bind.ReflectiveTypeAdapterFactory$Adapter.write(ReflectiveTypeAdapterFactory.java:490)
	at com.google.gson.Gson.toJson(Gson.java:944)
	at com.google.gson.Gson.toJson(Gson.java:899)
	at com.google.gson.Gson.toJson(Gson.java:848)
	at com.google.gson.Gson.toJson(Gson.java:825)
	at net.rainbowfurry.phoenixtelegrambotapi.PhoenixBot.onUpdateReceived(PhoenixBot.java:46)
	at java.base/java.util.ArrayList.forEach(ArrayList.java:1597)
	at org.telegram.telegrambots.meta.generics.LongPollingBot.onUpdatesReceived(LongPollingBot.java:27)
	at org.telegram.telegrambots.updatesreceivers.DefaultBotSession$HandlerThread.run(DefaultBotSession.java:312)
Caused by: java.lang.reflect.InaccessibleObjectException: Unable to make field private volatile java.util.concurrent.atomic.AtomicMarkableReference$Pair java.util.concurrent.atomic.AtomicMarkableReference.pair accessible: module java.base does not "opens java.util.concurrent.atomic" to unnamed module @10d59286
	at java.base/java.lang.reflect.AccessibleObject.throwInaccessibleObjectException(AccessibleObject.java:388)
	at java.base/java.lang.reflect.AccessibleObject.checkCanSetAccessible(AccessibleObject.java:364)
	at java.base/java.lang.reflect.AccessibleObject.checkCanSetAccessible(AccessibleObject.java:312)
	at java.base/java.lang.reflect.Field.checkCanSetAccessible(Field.java:183)
	at java.base/java.lang.reflect.Field.setAccessible(Field.java:177)
	at com.google.gson.internal.reflect.ReflectionHelper.makeAccessible(ReflectionHelper.java:68)
	... 31 common frames omitted
2025-01-03 13:13:19,892 ERROR [phoenix_network_bot Telegram Connection] o.t.t.u.DefaultBotSession [DefaultBotSession.java:263] -- Error executing org.telegram.telegrambots.meta.api.methods.updates.GetUpdates query: [409] Conflict: terminated by other getUpdates request; make sure that only one bot instance is running
org.telegram.telegrambots.meta.exceptions.TelegramApiRequestException: Error executing org.telegram.telegrambots.meta.api.methods.updates.GetUpdates query: [409] Conflict: terminated by other getUpdates request; make sure that only one bot instance is running
	at org.telegram.telegrambots.meta.api.methods.PartialBotApiMethod.deserializeResponseInternal(PartialBotApiMethod.java:54)
	at org.telegram.telegrambots.meta.api.methods.PartialBotApiMethod.deserializeResponseArray(PartialBotApiMethod.java:39)
	at org.telegram.telegrambots.meta.api.methods.updates.GetUpdates.deserializeResponse(GetUpdates.java:83)
	at org.telegram.telegrambots.updatesreceivers.DefaultBotSession$ReaderThread.getUpdatesFromServer(DefaultBotSession.java:258)
	at org.telegram.telegrambots.updatesreceivers.DefaultBotSession$ReaderThread.run(DefaultBotSession.java:188)
2025-01-03 13:13:23,972 ERROR [phoenix_network_bot Telegram Connection] o.t.t.u.DefaultBotSession [DefaultBotSession.java:263] -- Error executing org.telegram.telegrambots.meta.api.methods.updates.GetUpdates query: [409] Conflict: terminated by other getUpdates request; make sure that only one bot instance is running
org.telegram.telegrambots.meta.exceptions.TelegramApiRequestException: Error executing org.telegram.telegrambots.meta.api.methods.updates.GetUpdates query: [409] Conflict: terminated by other getUpdates request; make sure that only one bot instance is running
	at org.telegram.telegrambots.meta.api.methods.PartialBotApiMethod.deserializeResponseInternal(PartialBotApiMethod.java:54)
	at org.telegram.telegrambots.meta.api.methods.PartialBotApiMethod.deserializeResponseArray(PartialBotApiMethod.java:39)
	at org.telegram.telegrambots.meta.api.methods.updates.GetUpdates.deserializeResponse(GetUpdates.java:83)
	at org.telegram.telegrambots.updatesreceivers.DefaultBotSession$ReaderThread.getUpdatesFromServer(DefaultBotSession.java:258)
	at org.telegram.telegrambots.updatesreceivers.DefaultBotSession$ReaderThread.run(DefaultBotSession.java:188)
2025-01-03 13:13:28,037 ERROR [phoenix_network_bot Telegram Connection] o.t.t.u.DefaultBotSession [DefaultBotSession.java:263] -- Error executing org.telegram.telegrambots.meta.api.methods.updates.GetUpdates query: [409] Conflict: terminated by other getUpdates request; make sure that only one bot instance is running
org.telegram.telegrambots.meta.exceptions.TelegramApiRequestException: Error executing org.telegram.telegrambots.meta.api.methods.updates.GetUpdates query: [409] Conflict: terminated by other getUpdates request; make sure that only one bot instance is running
	at org.telegram.telegrambots.meta.api.methods.PartialBotApiMethod.deserializeResponseInternal(PartialBotApiMethod.java:54)
	at org.telegram.telegrambots.meta.api.methods.PartialBotApiMethod.deserializeResponseArray(PartialBotApiMethod.java:39)
	at org.telegram.telegrambots.meta.api.methods.updates.GetUpdates.deserializeResponse(GetUpdates.java:83)
	at org.telegram.telegrambots.updatesreceivers.DefaultBotSession$ReaderThread.getUpdatesFromServer(DefaultBotSession.java:258)
	at org.telegram.telegrambots.updatesreceivers.DefaultBotSession$ReaderThread.run(DefaultBotSession.java:188)
2025-01-03 13:13:32,087 ERROR [phoenix_network_bot Telegram Connection] o.t.t.u.DefaultBotSession [DefaultBotSession.java:263] -- Error executing org.telegram.telegrambots.meta.api.methods.updates.GetUpdates query: [409] Conflict: terminated by other getUpdates request; make sure that only one bot instance is running
org.telegram.telegrambots.meta.exceptions.TelegramApiRequestException: Error executing org.telegram.telegrambots.meta.api.methods.updates.GetUpdates query: [409] Conflict: terminated by other getUpdates request; make sure that only one bot instance is running
	at org.telegram.telegrambots.meta.api.methods.PartialBotApiMethod.deserializeResponseInternal(PartialBotApiMethod.java:54)
	at org.telegram.telegrambots.meta.api.methods.PartialBotApiMethod.deserializeResponseArray(PartialBotApiMethod.java:39)
	at org.telegram.telegrambots.meta.api.methods.updates.GetUpdates.deserializeResponse(GetUpdates.java:83)
	at org.telegram.telegrambots.updatesreceivers.DefaultBotSession$ReaderThread.getUpdatesFromServer(DefaultBotSession.java:258)
	at org.telegram.telegrambots.updatesreceivers.DefaultBotSession$ReaderThread.run(DefaultBotSession.java:188)
2025-01-03 13:13:36,148 ERROR [phoenix_network_bot Telegram Connection] o.t.t.u.DefaultBotSession [DefaultBotSession.java:263] -- Error executing org.telegram.telegrambots.meta.api.methods.updates.GetUpdates query: [409] Conflict: terminated by other getUpdates request; make sure that only one bot instance is running
org.telegram.telegrambots.meta.exceptions.TelegramApiRequestException: Error executing org.telegram.telegrambots.meta.api.methods.updates.GetUpdates query: [409] Conflict: terminated by other getUpdates request; make sure that only one bot instance is running
	at org.telegram.telegrambots.meta.api.methods.PartialBotApiMethod.deserializeResponseInternal(PartialBotApiMethod.java:54)
	at org.telegram.telegrambots.meta.api.methods.PartialBotApiMethod.deserializeResponseArray(PartialBotApiMethod.java:39)
	at org.telegram.telegrambots.meta.api.methods.updates.GetUpdates.deserializeResponse(GetUpdates.java:83)
	at org.telegram.telegrambots.updatesreceivers.DefaultBotSession$ReaderThread.getUpdatesFromServer(DefaultBotSession.java:258)
	at org.telegram.telegrambots.updatesreceivers.DefaultBotSession$ReaderThread.run(DefaultBotSession.java:188)
2025-01-03 13:13:40,217 ERROR [phoenix_network_bot Telegram Connection] o.t.t.u.DefaultBotSession [DefaultBotSession.java:263] -- Error executing org.telegram.telegrambots.meta.api.methods.updates.GetUpdates query: [409] Conflict: terminated by other getUpdates request; make sure that only one bot instance is running
org.telegram.telegrambots.meta.exceptions.TelegramApiRequestException: Error executing org.telegram.telegrambots.meta.api.methods.updates.GetUpdates query: [409] Conflict: terminated by other getUpdates request; make sure that only one bot instance is running
	at org.telegram.telegrambots.meta.api.methods.PartialBotApiMethod.deserializeResponseInternal(PartialBotApiMethod.java:54)
	at org.telegram.telegrambots.meta.api.methods.PartialBotApiMethod.deserializeResponseArray(PartialBotApiMethod.java:39)
	at org.telegram.telegrambots.meta.api.methods.updates.GetUpdates.deserializeResponse(GetUpdates.java:83)
	at org.telegram.telegrambots.updatesreceivers.DefaultBotSession$ReaderThread.getUpdatesFromServer(DefaultBotSession.java:258)
	at org.telegram.telegrambots.updatesreceivers.DefaultBotSession$ReaderThread.run(DefaultBotSession.java:188)
2025-01-03 13:13:44,267 ERROR [phoenix_network_bot Telegram Connection] o.t.t.u.DefaultBotSession [DefaultBotSession.java:263] -- Error executing org.telegram.telegrambots.meta.api.methods.updates.GetUpdates query: [409] Conflict: terminated by other getUpdates request; make sure that only one bot instance is running
org.telegram.telegrambots.meta.exceptions.TelegramApiRequestException: Error executing org.telegram.telegrambots.meta.api.methods.updates.GetUpdates query: [409] Conflict: terminated by other getUpdates request; make sure that only one bot instance is running
	at org.telegram.telegrambots.meta.api.methods.PartialBotApiMethod.deserializeResponseInternal(PartialBotApiMethod.java:54)
	at org.telegram.telegrambots.meta.api.methods.PartialBotApiMethod.deserializeResponseArray(PartialBotApiMethod.java:39)
	at org.telegram.telegrambots.meta.api.methods.updates.GetUpdates.deserializeResponse(GetUpdates.java:83)
	at org.telegram.telegrambots.updatesreceivers.DefaultBotSession$ReaderThread.getUpdatesFromServer(DefaultBotSession.java:258)
	at org.telegram.telegrambots.updatesreceivers.DefaultBotSession$ReaderThread.run(DefaultBotSession.java:188)
2025-01-03 13:13:48,318 ERROR [phoenix_network_bot Telegram Connection] o.t.t.u.DefaultBotSession [DefaultBotSession.java:263] -- Error executing org.telegram.telegrambots.meta.api.methods.updates.GetUpdates query: [409] Conflict: terminated by other getUpdates request; make sure that only one bot instance is running
org.telegram.telegrambots.meta.exceptions.TelegramApiRequestException: Error executing org.telegram.telegrambots.meta.api.methods.updates.GetUpdates query: [409] Conflict: terminated by other getUpdates request; make sure that only one bot instance is running
	at org.telegram.telegrambots.meta.api.methods.PartialBotApiMethod.deserializeResponseInternal(PartialBotApiMethod.java:54)
	at org.telegram.telegrambots.meta.api.methods.PartialBotApiMethod.deserializeResponseArray(PartialBotApiMethod.java:39)
	at org.telegram.telegrambots.meta.api.methods.updates.GetUpdates.deserializeResponse(GetUpdates.java:83)
	at org.telegram.telegrambots.updatesreceivers.DefaultBotSession$ReaderThread.getUpdatesFromServer(DefaultBotSession.java:258)
	at org.telegram.telegrambots.updatesreceivers.DefaultBotSession$ReaderThread.run(DefaultBotSession.java:188)
2025-01-03 13:13:52,393 ERROR [phoenix_network_bot Telegram Connection] o.t.t.u.DefaultBotSession [DefaultBotSession.java:263] -- Error executing org.telegram.telegrambots.meta.api.methods.updates.GetUpdates query: [409] Conflict: terminated by other getUpdates request; make sure that only one bot instance is running
org.telegram.telegrambots.meta.exceptions.TelegramApiRequestException: Error executing org.telegram.telegrambots.meta.api.methods.updates.GetUpdates query: [409] Conflict: terminated by other getUpdates request; make sure that only one bot instance is running
	at org.telegram.telegrambots.meta.api.methods.PartialBotApiMethod.deserializeResponseInternal(PartialBotApiMethod.java:54)
	at org.telegram.telegrambots.meta.api.methods.PartialBotApiMethod.deserializeResponseArray(PartialBotApiMethod.java:39)
	at org.telegram.telegrambots.meta.api.methods.updates.GetUpdates.deserializeResponse(GetUpdates.java:83)
	at org.telegram.telegrambots.updatesreceivers.DefaultBotSession$ReaderThread.getUpdatesFromServer(DefaultBotSession.java:258)
	at org.telegram.telegrambots.updatesreceivers.DefaultBotSession$ReaderThread.run(DefaultBotSession.java:188)
2025-01-03 13:13:56,467 ERROR [phoenix_network_bot Telegram Connection] o.t.t.u.DefaultBotSession [DefaultBotSession.java:263] -- Error executing org.telegram.telegrambots.meta.api.methods.updates.GetUpdates query: [409] Conflict: terminated by other getUpdates request; make sure that only one bot instance is running
org.telegram.telegrambots.meta.exceptions.TelegramApiRequestException: Error executing org.telegram.telegrambots.meta.api.methods.updates.GetUpdates query: [409] Conflict: terminated by other getUpdates request; make sure that only one bot instance is running
	at org.telegram.telegrambots.meta.api.methods.PartialBotApiMethod.deserializeResponseInternal(PartialBotApiMethod.java:54)
	at org.telegram.telegrambots.meta.api.methods.PartialBotApiMethod.deserializeResponseArray(PartialBotApiMethod.java:39)
	at org.telegram.telegrambots.meta.api.methods.updates.GetUpdates.deserializeResponse(GetUpdates.java:83)
	at org.telegram.telegrambots.updatesreceivers.DefaultBotSession$ReaderThread.getUpdatesFromServer(DefaultBotSession.java:258)
	at org.telegram.telegrambots.updatesreceivers.DefaultBotSession$ReaderThread.run(DefaultBotSession.java:188)
2025-01-03 13:14:00,525 ERROR [phoenix_network_bot Telegram Connection] o.t.t.u.DefaultBotSession [DefaultBotSession.java:263] -- Error executing org.telegram.telegrambots.meta.api.methods.updates.GetUpdates query: [409] Conflict: terminated by other getUpdates request; make sure that only one bot instance is running
org.telegram.telegrambots.meta.exceptions.TelegramApiRequestException: Error executing org.telegram.telegrambots.meta.api.methods.updates.GetUpdates query: [409] Conflict: terminated by other getUpdates request; make sure that only one bot instance is running
	at org.telegram.telegrambots.meta.api.methods.PartialBotApiMethod.deserializeResponseInternal(PartialBotApiMethod.java:54)
	at org.telegram.telegrambots.meta.api.methods.PartialBotApiMethod.deserializeResponseArray(PartialBotApiMethod.java:39)
	at org.telegram.telegrambots.meta.api.methods.updates.GetUpdates.deserializeResponse(GetUpdates.java:83)
	at org.telegram.telegrambots.updatesreceivers.DefaultBotSession$ReaderThread.getUpdatesFromServer(DefaultBotSession.java:258)
	at org.telegram.telegrambots.updatesreceivers.DefaultBotSession$ReaderThread.run(DefaultBotSession.java:188)
